
> water-risk-saas@0.1.0 build
> next build

⚠ No build cache found. Please configure build caching for faster rebuilds. Read more: https://nextjs.org/docs/messages/no-cache
▲ Next.js 16.2.10 (Turbopack)

  Creating an optimized production build ...
✓ Compiled successfully in 4.9s
  Running TypeScript ...
  Finished TypeScript in 3.9s ...
  Collecting page data using 3 workers ...
  Generating static pages using 3 workers (0/18) ...
  Generating static pages using 3 workers (4/18) 
  Generating static pages using 3 workers (8/18) 
  Generating static pages using 3 workers (13/18) 
✓ Generating static pages using 3 workers (18/18) in 289ms
  Finalizing page optimization ...

Route (app)
┌ ○ /
├ ○ /_not-found
├ ƒ /api/cron/check-alerts
├ ƒ /api/geocode
├ ƒ /api/history
├ ƒ /api/hydro
├ ƒ /api/piezo
├ ƒ /api/pmtiles
├ ƒ /api/projection
├ ƒ /api/v1/sites
├ ƒ /api/zones
├ ƒ /auth/callback
├ ○ /compte
├ ○ /connexion
├ ○ /icon.svg
├ ○ /methodologie
└ ○ /sites


○  (Static)   prerendered as static content
ƒ  (Dynamic)  server-rendered on demand

